<?xml version="1.0" encoding="UTF-8"?>
<!-- Generated by org.testng.reporters.JUnitXMLReporter -->
<testsuite ignored="1" hostname="DESKTOP-3321287" failures="1" tests="1" name="Test" time="0.938" errors="0" timestamp="2021-11-03T16:20:29 IST">
  <testcase classname="com.Vtiger.ContactModuleTest.CreateContactNameTest" name="createContactNameTest" time="0.885">
    <failure type="java.lang.NullPointerException">
      <![CDATA[java.lang.NullPointerException
at java.base/java.util.Objects.requireNonNull(Objects.java:208)
at org.openqa.selenium.support.ui.FluentWait.<init>(FluentWait.java:106)
at org.openqa.selenium.support.ui.WebDriverWait.<init>(WebDriverWait.java:85)
at org.openqa.selenium.support.ui.WebDriverWait.<init>(WebDriverWait.java:45)
at com.Vtiger.GenericUtility.WebDriverUtility.waitForElementVisibility(WebDriverUtility.java:43)
at com.Vtiger.ContactModuleTest.CreateContactNameTest.createContactNameTest(CreateContactNameTest.java:50)
at java.base/java.util.ArrayList.forEach(ArrayList.java:1511)
... Removed 27 stack frames]]>
    </failure>
  </testcase> <!-- createContactNameTest -->
  <testcase classname="com.Vtiger.ContactModuleTest.CreateContactNameTest" name="createContactNameWithOrgTest" time="0.0">
    <ignored/>
  </testcase> <!-- createContactNameWithOrgTest -->
</testsuite> <!-- Test -->
