<?xml version="1.0" encoding="UTF-8"?>
<!-- Generated by org.testng.reporters.JUnitXMLReporter -->
<testsuite ignored="2" hostname="DESKTOP-3321287" failures="0" tests="1" name="Test" time="12.065" errors="0" timestamp="2021-11-08T12:43:48 IST">
  <testcase classname="com.Vtiger.ContactModuleTest.CreateContactNameTest" name="CreateLeadTest" time="0.008"/>
  <testcase classname="com.Vtiger.ContactModuleTest.CreateContactNameTest" name="createContactNameWithOrgTest" time="0.0">
    <ignored/>
  </testcase> <!-- createContactNameWithOrgTest -->
  <testcase classname="com.Vtiger.ContactModuleTest.CreateContactNameTest" name="createContactNameTest" time="0.0">
    <ignored/>
  </testcase> <!-- createContactNameTest -->
</testsuite> <!-- Test -->
